Application/build/intermediates/manifest_merge_blame_file/debug/manifest-merger-blame-debug-report.txt
1<?xml version="1.0" encoding="utf-8"?>
2<!--
3 Copyright 2014 The Android Open Source Project
4
5 Licensed under the Apache License, Version 2.0 (the "License");
6 you may not use this file except in compliance with the License.
7 You may obtain a copy of the License at
8
9     http://www.apache.org/licenses/LICENSE-2.0
10
11 Unless required by applicable law or agreed to in writing, software
12 distributed under the License is distributed on an "AS IS" BASIS,
13 WITHOUT WARRANTIES OR CONDITIONS OF ANY KIND, either express or implied.
14 See the License for the specific language governing permissions and
15 limitations under the License.
16-->
17<manifest xmlns:android="http://schemas.android.com/apk/res/android"
18    package="com.example.android.mediaeffects" >
19
20    <uses-sdk
21        android:minSdkVersion="14"
21-->src/main/AndroidManifest.xml
22        android:targetSdkVersion="29" />
22-->src/main/AndroidManifest.xml
23
24    <application
24-->src/main/AndroidManifest.xml:22:5-38:19
25        android:allowBackup="true"
25-->src/main/AndroidManifest.xml:23:9-35
26        android:appComponentFactory="androidx.core.app.CoreComponentFactory"
26-->[androidx.core:core:1.1.0] AndroidManifest.xml:24:18-86
27        android:debuggable="true"
28        android:icon="@drawable/ic_launcher"
28-->src/main/AndroidManifest.xml:24:9-45
29        android:label="@string/app_name"
29-->src/main/AndroidManifest.xml:25:9-41
30        android:testOnly="true"
31        android:theme="@style/AppTheme" >
31-->src/main/AndroidManifest.xml:26:9-40
32        <activity
32-->src/main/AndroidManifest.xml:29:9-36:20
33            android:name="com.example.android.mediaeffects.MainActivity"
33-->src/main/AndroidManifest.xml:30:13-41
34            android:label="@string/app_name" >
34-->src/main/AndroidManifest.xml:31:13-45
35            <intent-filter>
35-->src/main/AndroidManifest.xml:32:13-35:29
36                <action android:name="android.intent.action.MAIN" />
36-->src/main/AndroidManifest.xml:33:17-69
36-->src/main/AndroidManifest.xml:33:25-66
37
38                <category android:name="android.intent.category.LAUNCHER" />
38-->src/main/AndroidManifest.xml:34:17-77
38-->src/main/AndroidManifest.xml:34:27-74
39            </intent-filter>
40        </activity>
41    </application>
42
43</manifest>